Line    Address Label   Opcode  Operand
=====   ======= ======  ======  =======
1       00000
2       00000
3       00000   prog    start   1000
4       01000           lds     #3
5                       ldt     #300
6                       ldx     #0
7               addlf   lda     alpha,x
8                       add     beta,x
9                       sta     gamma,x
10                      addr    s,x
11                      compr   x,t
12                      jlt     addlp
13
14
15              alpha   resw    100
16              beta    resw    100
17              gamma   resw    100
18                      end     prog